<?xml version="1.0" encoding="UTF-8"?>
<testsuite xmlns:xsi="http://www.w3.org/2001/XMLSchema-instance" xsi:noNamespaceSchemaLocation="https://maven.apache.org/surefire/maven-surefire-plugin/xsd/surefire-test-report-3.0.xsd" version="3.0" name="BaseClass.TestRun" time="117.171" tests="2" errors="2" skipped="0" failures="0">
  <properties>
[...]
</properties>
  <testcase name="Ebooks Login test via faceboook" classname="Ebooks Login test via faceboook" time="109.564">
    <error message="chrome not reachable&#10;  (Session info: chrome=103.0.5060.134)&#10;Build info: version: &apos;3.141.59&apos;, revision: &apos;e82be7d358&apos;, time: &apos;2018-11-14T08:17:03&apos;&#10;System info: host: &apos;SLIDEQA2&apos;, ip: &apos;192.168.43.28&apos;, os.name: &apos;Windows 10&apos;, os.arch: &apos;amd64&apos;, os.version: &apos;10.0&apos;, java.version: &apos;17&apos;&#10;Driver info: org.openqa.selenium.chrome.ChromeDriver&#10;Capabilities {acceptInsecureCerts: false, browserName: chrome, browserVersion: 103.0.5060.134, chrome: {chromedriverVersion: 103.0.5060.134 (8ec6fce403b..., userDataDir: C:\Users\SLIDEQ~1\AppData\L...}, goog:chromeOptions: {debuggerAddress: localhost:63085}, javascriptEnabled: true, networkConnectionEnabled: false, pageLoadStrategy: normal, platform: WINDOWS, platformName: WINDOWS, proxy: Proxy(), setWindowRect: true, strictFileInteractability: false, timeouts: {implicit: 0, pageLoad: 300000, script: 30000}, unhandledPromptBehavior: dismiss and notify, webauthn:extension:credBlob: true, webauthn:extension:largeBlob: true, webauthn:virtualAuthenticators: true}&#10;Session ID: 2535adf9941b42e7dccb6bdbf822a4c9&#10;*** Element info: {Using=link text, value=LOGOUT}" type="org.openqa.selenium.WebDriverException"><![CDATA[org.openqa.selenium.WebDriverException: 
chrome not reachable
  (Session info: chrome=103.0.5060.134)
Build info: version: '3.141.59', revision: 'e82be7d358', time: '2018-11-14T08:17:03'
System info: host: 'SLIDEQA2', ip: '192.168.43.28', os.name: 'Windows 10', os.arch: 'amd64', os.version: '10.0', java.version: '17'
Driver info: org.openqa.selenium.chrome.ChromeDriver
Capabilities {acceptInsecureCerts: false, browserName: chrome, browserVersion: 103.0.5060.134, chrome: {chromedriverVersion: 103.0.5060.134 (8ec6fce403b..., userDataDir: C:\Users\SLIDEQ~1\AppData\L...}, goog:chromeOptions: {debuggerAddress: localhost:63085}, javascriptEnabled: true, networkConnectionEnabled: false, pageLoadStrategy: normal, platform: WINDOWS, platformName: WINDOWS, proxy: Proxy(), setWindowRect: true, strictFileInteractability: false, timeouts: {implicit: 0, pageLoad: 300000, script: 30000}, unhandledPromptBehavior: dismiss and notify, webauthn:extension:credBlob: true, webauthn:extension:largeBlob: true, webauthn:virtualAuthenticators: true}
Session ID: 2535adf9941b42e7dccb6bdbf822a4c9
*** Element info: {Using=link text, value=LOGOUT}
]]></error>
    <system-out><![CDATA[Bname=====https://www.slidegeeks.com/

@Ebooksfacebook
Scenario: Ebooks Login test via faceboook         &amp#27;[90m# src/test/java/features/FacebookLogin.feature:4&amp#27;[0m
  &amp#27;[32mGiven &amp#27;[0m&amp#27;[32mGo to the Home page&amp#27;[0m                       &amp#27;[90m# stepDefination.FacebookLogin.go_to_the_Home_page()&amp#27;[0m
  &amp#27;[32mThen &amp#27;[0m&amp#27;[32mClick on ebook button&amp#27;[0m                      &amp#27;[90m# stepDefination.FacebookLogin.click_on_ebook_button()&amp#27;[0m
  &amp#27;[32mThen &amp#27;[0m&amp#27;[32mClick on Buynow option&amp#27;[0m                     &amp#27;[90m# stepDefination.FacebookLogin.click_on_Buynow_option()&amp#27;[0m
  &amp#27;[32mThen &amp#27;[0m&amp#27;[32mClick on facebook option&amp#27;[0m                   &amp#27;[90m# stepDefination.FacebookLogin.click_on_facebook_option()&amp#27;[0m
  &amp#27;[32mThen &amp#27;[0m&amp#27;[32mEnter valid credentials&amp#27;[0m                    &amp#27;[90m# stepDefination.FacebookLogin.enter_valid_credentials()&amp#27;[0m
  &amp#27;[32mThen &amp#27;[0m&amp#27;[32mVerify that user is successfully logged in&amp#27;[0m &amp#27;[90m# stepDefination.FacebookLogin.verify_that_user_is_successfully_logged_in()&amp#27;[0m
  &amp#27;[32mThen &amp#27;[0m&amp#27;[32mDownload the selected ebbok&amp#27;[0m                &amp#27;[90m# stepDefination.FacebookLogin.download_the_selected_ebbok()&amp#27;[0m
  &amp#27;[31mThen &amp#27;[0m&amp#27;[31mLogout from the application&amp#27;[0m                &amp#27;[90m# stepDefination.FacebookLogin.logout_from_the_application()&amp#27;[0m
      &amp#27;[31morg.openqa.selenium.WebDriverException: chrome not reachable
  (Session info: chrome=103.0.5060.134)
Build info: version: '3.141.59', revision: 'e82be7d358', time: '2018-11-14T08:17:03'
System info: host: 'SLIDEQA2', ip: '192.168.43.28', os.name: 'Windows 10', os.arch: 'amd64', os.version: '10.0', java.version: '17'
Driver info: org.openqa.selenium.chrome.ChromeDriver
Capabilities {acceptInsecureCerts: false, browserName: chrome, browserVersion: 103.0.5060.134, chrome: {chromedriverVersion: 103.0.5060.134 (8ec6fce403b..., userDataDir: C:\Users\SLIDEQ~1\AppData\L...}, goog:chromeOptions: {debuggerAddress: localhost:63085}, javascriptEnabled: true, networkConnectionEnabled: false, pageLoadStrategy: normal, platform: WINDOWS, platformName: WINDOWS, proxy: Proxy(), setWindowRect: true, strictFileInteractability: false, timeouts: {implicit: 0, pageLoad: 300000, script: 30000}, unhandledPromptBehavior: dismiss and notify, webauthn:extension:credBlob: true, webauthn:extension:largeBlob: true, webauthn:virtualAuthenticators: true}
Session ID: 2535adf9941b42e7dccb6bdbf822a4c9
*** Element info: {Using=link text, value=LOGOUT}
	at java.base/jdk.internal.reflect.NativeConstructorAccessorImpl.newInstance0(Native Method)
	at java.base/jdk.internal.reflect.NativeConstructorAccessorImpl.newInstance(NativeConstructorAccessorImpl.java:77)
	at java.base/jdk.internal.reflect.DelegatingConstructorAccessorImpl.newInstance(DelegatingConstructorAccessorImpl.java:45)
	at java.base/java.lang.reflect.Constructor.newInstanceWithCaller(Constructor.java:499)
	at java.base/java.lang.reflect.Constructor.newInstance(Constructor.java:480)
	at org.openqa.selenium.remote.http.W3CHttpResponseCodec.createException(W3CHttpResponseCodec.java:187)
	at org.openqa.selenium.remote.http.W3CHttpResponseCodec.decode(W3CHttpResponseCodec.java:122)
	at org.openqa.selenium.remote.http.W3CHttpResponseCodec.decode(W3CHttpResponseCodec.java:49)
	at org.openqa.selenium.remote.HttpCommandExecutor.execute(HttpCommandExecutor.java:158)
	at org.openqa.selenium.remote.service.DriverCommandExecutor.execute(DriverCommandExecutor.java:83)
	at org.openqa.selenium.remote.RemoteWebDriver.execute(RemoteWebDriver.java:552)
	at org.openqa.selenium.remote.RemoteWebDriver.findElement(RemoteWebDriver.java:323)
	at org.openqa.selenium.remote.RemoteWebDriver.findElementByLinkText(RemoteWebDriver.java:380)
	at org.openqa.selenium.By$ByLinkText.findElement(By.java:220)
	at org.openqa.selenium.remote.RemoteWebDriver.findElement(RemoteWebDriver.java:315)
	at org.openqa.selenium.support.ui.ExpectedConditions$7.apply(ExpectedConditions.java:205)
	at org.openqa.selenium.support.ui.ExpectedConditions$7.apply(ExpectedConditions.java:201)
	at org.openqa.selenium.support.ui.ExpectedConditions$22.apply(ExpectedConditions.java:641)
	at org.openqa.selenium.support.ui.ExpectedConditions$22.apply(ExpectedConditions.java:638)
	at org.openqa.selenium.support.ui.FluentWait.until(FluentWait.java:249)
	at stepDefination.FacebookLogin.logout_from_the_application(FacebookLogin.java:147)
	at âœ½.Logout from the application(file:///D:/Selenium%20Live%20Projects/slidegeeksEbooksLoginTest/./src/test/java/features/FacebookLogin.feature:12)
&amp#27;[0m
      &amp#27;[31morg.openqa.selenium.WebDriverException: chrome not reachable
  (Session info: chrome=103.0.5060.134)
Build info: version: '3.141.59', revision: 'e82be7d358', time: '2018-11-14T08:17:03'
System info: host: 'SLIDEQA2', ip: '192.168.43.28', os.name: 'Windows 10', os.arch: 'amd64', os.version: '10.0', java.version: '17'
Driver info: org.openqa.selenium.chrome.ChromeDriver
Capabilities {acceptInsecureCerts: false, browserName: chrome, browserVersion: 103.0.5060.134, chrome: {chromedriverVersion: 103.0.5060.134 (8ec6fce403b..., userDataDir: C:\Users\SLIDEQ~1\AppData\L...}, goog:chromeOptions: {debuggerAddress: localhost:63085}, javascriptEnabled: true, networkConnectionEnabled: false, pageLoadStrategy: normal, platform: WINDOWS, platformName: WINDOWS, proxy: Proxy(), setWindowRect: true, strictFileInteractability: false, timeouts: {implicit: 0, pageLoad: 300000, script: 30000}, unhandledPromptBehavior: dismiss and notify, webauthn:extension:credBlob: true, webauthn:extension:largeBlob: true, webauthn:virtualAuthenticators: true}
Session ID: 2535adf9941b42e7dccb6bdbf822a4c9
	at java.base/jdk.internal.reflect.NativeConstructorAccessorImpl.newInstance0(Native Method)
	at java.base/jdk.internal.reflect.NativeConstructorAccessorImpl.newInstance(NativeConstructorAccessorImpl.java:77)
	at java.base/jdk.internal.reflect.DelegatingConstructorAccessorImpl.newInstance(DelegatingConstructorAccessorImpl.java:45)
	at java.base/java.lang.reflect.Constructor.newInstanceWithCaller(Constructor.java:499)
	at java.base/java.lang.reflect.Constructor.newInstance(Constructor.java:480)
	at org.openqa.selenium.remote.http.W3CHttpResponseCodec.createException(W3CHttpResponseCodec.java:187)
	at org.openqa.selenium.remote.http.W3CHttpResponseCodec.decode(W3CHttpResponseCodec.java:122)
	at org.openqa.selenium.remote.http.W3CHttpResponseCodec.decode(W3CHttpResponseCodec.java:49)
	at org.openqa.selenium.remote.HttpCommandExecutor.execute(HttpCommandExecutor.java:158)
	at org.openqa.selenium.remote.service.DriverCommandExecutor.execute(DriverCommandExecutor.java:83)
	at org.openqa.selenium.remote.RemoteWebDriver.execute(RemoteWebDriver.java:552)
	at org.openqa.selenium.remote.RemoteWebDriver.execute(RemoteWebDriver.java:609)
	at org.openqa.selenium.remote.RemoteWebDriver.getScreenshotAs(RemoteWebDriver.java:295)
	at stepDefination.TakeImageStep.tearDown(TakeImageStep.java:22)
&amp#27;[0m
]]></system-out>
    <system-err><![CDATA[Aug 02, 2022 8:48:56 AM io.cucumber.core.runtime.FeaturePathFeatureSupplier$FeatureBuilder addUnique
SEVERE: Duplicate feature found: file:///D:/Selenium%20Live%20Projects/slidegeeksEbooksLoginTest/./target/test-classes/features/FacebookLogin.feature was identical to file:///D:/Selenium%20Live%20Projects/slidegeeksEbooksLoginTest/./src/test/java/features/FacebookLogin.feature

This typically happens when you configure cucumber to look for features in the root of your project.
Your build tool creates a copy of these features in a 'target' or 'build'directory.

If your features are on the class path consider using a class path URI.
For example: 'classpath:com/example/app.feature'
Otherwise you'll have to provide a more specific location
Aug 02, 2022 8:48:56 AM io.cucumber.core.runtime.FeaturePathFeatureSupplier$FeatureBuilder addUnique
SEVERE: Duplicate feature found: file:///D:/Selenium%20Live%20Projects/slidegeeksEbooksLoginTest/./target/test-classes/features/FreeLogin.feature was identical to file:///D:/Selenium%20Live%20Projects/slidegeeksEbooksLoginTest/./src/test/java/features/FreeLogin.feature

This typically happens when you configure cucumber to look for features in the root of your project.
Your build tool creates a copy of these features in a 'target' or 'build'directory.

If your features are on the class path consider using a class path URI.
For example: 'classpath:com/example/app.feature'
Otherwise you'll have to provide a more specific location
Aug 02, 2022 8:48:56 AM io.cucumber.core.runtime.FeaturePathFeatureSupplier$FeatureBuilder addUnique
SEVERE: Duplicate feature found: file:///D:/Selenium%20Live%20Projects/slidegeeksEbooksLoginTest/./target/test-classes/features/GoogleLogin.feature was identical to file:///D:/Selenium%20Live%20Projects/slidegeeksEbooksLoginTest/./src/test/java/features/GoogleLogin.feature

This typically happens when you configure cucumber to look for features in the root of your project.
Your build tool creates a copy of these features in a 'target' or 'build'directory.

If your features are on the class path consider using a class path URI.
For example: 'classpath:com/example/app.feature'
Otherwise you'll have to provide a more specific location
Aug 02, 2022 8:48:56 AM io.cucumber.core.runtime.FeaturePathFeatureSupplier$FeatureBuilder addUnique
SEVERE: Duplicate feature found: file:///D:/Selenium%20Live%20Projects/slidegeeksEbooksLoginTest/./target/test-classes/features/PaidLogin.feature was identical to file:///D:/Selenium%20Live%20Projects/slidegeeksEbooksLoginTest/./src/test/java/features/PaidLogin.feature

This typically happens when you configure cucumber to look for features in the root of your project.
Your build tool creates a copy of these features in a 'target' or 'build'directory.

If your features are on the class path consider using a class path URI.
For example: 'classpath:com/example/app.feature'
Otherwise you'll have to provide a more specific location
Aug 02, 2022 8:48:56 AM io.cucumber.core.runtime.FeaturePathFeatureSupplier$FeatureBuilder addUnique
SEVERE: Duplicate feature found: file:///D:/Selenium%20Live%20Projects/slidegeeksEbooksLoginTest/./target/test-classes/features/PaypalCheckout.feature was identical to file:///D:/Selenium%20Live%20Projects/slidegeeksEbooksLoginTest/./src/test/java/features/PaypalCheckout.feature

This typically happens when you configure cucumber to look for features in the root of your project.
Your build tool creates a copy of these features in a 'target' or 'build'directory.

If your features are on the class path consider using a class path URI.
For example: 'classpath:com/example/app.feature'
Otherwise you'll have to provide a more specific location
Aug 02, 2022 8:48:56 AM io.cucumber.core.runtime.FeaturePathFeatureSupplier$FeatureBuilder addUnique
SEVERE: Duplicate feature found: file:///D:/Selenium%20Live%20Projects/slidegeeksEbooksLoginTest/./target/test-classes/features/stripecheckout.feature was identical to file:///D:/Selenium%20Live%20Projects/slidegeeksEbooksLoginTest/./src/test/java/features/stripecheckout.feature

This typically happens when you configure cucumber to look for features in the root of your project.
Your build tool creates a copy of these features in a 'target' or 'build'directory.

If your features are on the class path consider using a class path URI.
For example: 'classpath:com/example/app.feature'
Otherwise you'll have to provide a more specific location
[main] INFO io.github.bonigarcia.wdm.WebDriverManager - Using chromedriver 103.0.5060.134 (resolved driver for Chrome 103)
[main] INFO io.github.bonigarcia.wdm.WebDriverManager - Exporting webdriver.chrome.driver as C:\Users\SLIDE QA\.cache\selenium\chromedriver\win32\103.0.5060.134\chromedriver.exe
Starting ChromeDriver 103.0.5060.134 (8ec6fce403b3feb0869b0732eda8bd95011d333c-refs/branch-heads/5060@{#1262}) on port 20897
Only local connections are allowed.
Please see https://chromedriver.chromium.org/security-considerations for suggestions on keeping ChromeDriver safe.
ChromeDriver was started successfully.
Aug 02, 2022 8:49:00 AM org.openqa.selenium.remote.ProtocolHandshake createSession
INFO: Detected dialect: W3C
org.openqa.selenium.TimeoutException: Expected condition failed: waiting for element to be clickable: By.xpath: //a[@id='download_8'] (tried for 30 second(s) with 500 milliseconds interval)
	at org.openqa.selenium.support.ui.WebDriverWait.timeoutException(WebDriverWait.java:95)
	at org.openqa.selenium.support.ui.FluentWait.until(FluentWait.java:272)
	at stepDefination.FacebookLogin.download_the_selected_ebbok(FacebookLogin.java:133)
	at java.base/jdk.internal.reflect.NativeMethodAccessorImpl.invoke0(Native Method)
	at java.base/jdk.internal.reflect.NativeMethodAccessorImpl.invoke(NativeMethodAccessorImpl.java:77)
	at java.base/jdk.internal.reflect.DelegatingMethodAccessorImpl.invoke(DelegatingMethodAccessorImpl.java:43)
	at java.base/java.lang.reflect.Method.invoke(Method.java:568)
	at io.cucumber.java.Invoker.doInvoke(Invoker.java:66)
	at io.cucumber.java.Invoker.invoke(Invoker.java:24)
	at io.cucumber.java.AbstractGlueDefinition.invokeMethod(AbstractGlueDefinition.java:47)
	at io.cucumber.java.JavaStepDefinition.execute(JavaStepDefinition.java:29)
	at io.cucumber.core.runner.CoreStepDefinition.execute(CoreStepDefinition.java:66)
	at io.cucumber.core.runner.PickleStepDefinitionMatch.runStep(PickleStepDefinitionMatch.java:63)
	at io.cucumber.core.runner.ExecutionMode$1.execute(ExecutionMode.java:10)
	at io.cucumber.core.runner.TestStep.executeStep(TestStep.java:92)
	at io.cucumber.core.runner.TestStep.run(TestStep.java:64)
	at io.cucumber.core.runner.PickleStepTestStep.run(PickleStepTestStep.java:51)
	at io.cucumber.core.runner.TestCase.run(TestCase.java:104)
	at io.cucumber.core.runner.Runner.runPickle(Runner.java:73)
	at io.cucumber.junit.PickleRunners$NoStepDescriptions.run(PickleRunners.java:151)
	at io.cucumber.junit.FeatureRunner.runChild(FeatureRunner.java:135)
	at io.cucumber.junit.FeatureRunner.runChild(FeatureRunner.java:27)
	at org.junit.runners.ParentRunner$3.run(ParentRunner.java:290)
	at org.junit.runners.ParentRunner$1.schedule(ParentRunner.java:71)
	at org.junit.runners.ParentRunner.runChildren(ParentRunner.java:288)
	at org.junit.runners.ParentRunner.access$000(ParentRunner.java:58)
	at org.junit.runners.ParentRunner$2.evaluate(ParentRunner.java:268)
	at org.junit.runners.ParentRunner.run(ParentRunner.java:363)
	at io.cucumber.junit.Cucumber.runChild(Cucumber.java:200)
	at io.cucumber.junit.Cucumber.runChild(Cucumber.java:90)
	at org.junit.runners.ParentRunner$3.run(ParentRunner.java:290)
	at org.junit.runners.ParentRunner$1.schedule(ParentRunner.java:71)
	at org.junit.runners.ParentRunner.runChildren(ParentRunner.java:288)
	at org.junit.runners.ParentRunner.access$000(ParentRunner.java:58)
	at org.junit.runners.ParentRunner$2.evaluate(ParentRunner.java:268)
	at io.cucumber.junit.Cucumber$RunCucumber.evaluate(Cucumber.java:235)
	at org.junit.internal.runners.statements.RunBefores.evaluate(RunBefores.java:26)
	at org.junit.internal.runners.statements.RunAfters.evaluate(RunAfters.java:27)
	at org.junit.runners.ParentRunner.run(ParentRunner.java:363)
	at org.apache.maven.surefire.junit4.JUnit4Provider.execute(JUnit4Provider.java:364)
	at org.apache.maven.surefire.junit4.JUnit4Provider.executeWithRerun(JUnit4Provider.java:272)
	at org.apache.maven.surefire.junit4.JUnit4Provider.executeTestSet(JUnit4Provider.java:237)
	at org.apache.maven.surefire.junit4.JUnit4Provider.invoke(JUnit4Provider.java:158)
	at org.apache.maven.surefire.booter.ForkedBooter.runSuitesInProcess(ForkedBooter.java:428)
	at org.apache.maven.surefire.booter.ForkedBooter.execute(ForkedBooter.java:162)
	at org.apache.maven.surefire.booter.ForkedBooter.run(ForkedBooter.java:562)
	at org.apache.maven.surefire.booter.ForkedBooter.main(ForkedBooter.java:548)
Caused by: org.openqa.selenium.NoSuchElementException: no such element: Unable to locate element: {"method":"xpath","selector":"//a[@id='download_8']"}
  (Session info: chrome=103.0.5060.134)
For documentation on this error, please visit: https://www.seleniumhq.org/exceptions/no_such_element.html
Build info: version: '3.141.59', revision: 'e82be7d358', time: '2018-11-14T08:17:03'
System info: host: 'SLIDEQA2', ip: '192.168.43.28', os.name: 'Windows 10', os.arch: 'amd64', os.version: '10.0', java.version: '17'
Driver info: org.openqa.selenium.chrome.ChromeDriver
Capabilities {acceptInsecureCerts: false, browserName: chrome, browserVersion: 103.0.5060.134, chrome: {chromedriverVersion: 103.0.5060.134 (8ec6fce403b..., userDataDir: C:\Users\SLIDEQ~1\AppData\L...}, goog:chromeOptions: {debuggerAddress: localhost:63085}, javascriptEnabled: true, networkConnectionEnabled: false, pageLoadStrategy: normal, platform: WINDOWS, platformName: WINDOWS, proxy: Proxy(), setWindowRect: true, strictFileInteractability: false, timeouts: {implicit: 0, pageLoad: 300000, script: 30000}, unhandledPromptBehavior: dismiss and notify, webauthn:extension:credBlob: true, webauthn:extension:largeBlob: true, webauthn:virtualAuthenticators: true}
Session ID: 2535adf9941b42e7dccb6bdbf822a4c9
*** Element info: {Using=xpath, value=//a[@id='download_8']}
	at java.base/jdk.internal.reflect.NativeConstructorAccessorImpl.newInstance0(Native Method)
	at java.base/jdk.internal.reflect.NativeConstructorAccessorImpl.newInstance(NativeConstructorAccessorImpl.java:77)
	at java.base/jdk.internal.reflect.DelegatingConstructorAccessorImpl.newInstance(DelegatingConstructorAccessorImpl.java:45)
	at java.base/java.lang.reflect.Constructor.newInstanceWithCaller(Constructor.java:499)
	at java.base/java.lang.reflect.Constructor.newInstance(Constructor.java:480)
	at org.openqa.selenium.remote.http.W3CHttpResponseCodec.createException(W3CHttpResponseCodec.java:187)
	at org.openqa.selenium.remote.http.W3CHttpResponseCodec.decode(W3CHttpResponseCodec.java:122)
	at org.openqa.selenium.remote.http.W3CHttpResponseCodec.decode(W3CHttpResponseCodec.java:49)
	at org.openqa.selenium.remote.HttpCommandExecutor.execute(HttpCommandExecutor.java:158)
	at org.openqa.selenium.remote.service.DriverCommandExecutor.execute(DriverCommandExecutor.java:83)
	at org.openqa.selenium.remote.RemoteWebDriver.execute(RemoteWebDriver.java:552)
	at org.openqa.selenium.remote.RemoteWebDriver.findElement(RemoteWebDriver.java:323)
	at org.openqa.selenium.remote.RemoteWebDriver.findElementByXPath(RemoteWebDriver.java:428)
	at org.openqa.selenium.By$ByXPath.findElement(By.java:353)
	at org.openqa.selenium.remote.RemoteWebDriver.findElement(RemoteWebDriver.java:315)
	at org.openqa.selenium.support.ui.ExpectedConditions$7.apply(ExpectedConditions.java:205)
	at org.openqa.selenium.support.ui.ExpectedConditions$7.apply(ExpectedConditions.java:201)
	at org.openqa.selenium.support.ui.ExpectedConditions$22.apply(ExpectedConditions.java:641)
	at org.openqa.selenium.support.ui.ExpectedConditions$22.apply(ExpectedConditions.java:638)
	at org.openqa.selenium.support.ui.FluentWait.until(FluentWait.java:249)
	... 45 more
[1659410442.441][WARNING]: Timed out connecting to Chrome, retrying...
]]></system-err>
  </testcase>
  <testcase name="Ebooks Login test via faceboook" classname="Ebooks Login test via faceboook" time="109.566">
    <error message="chrome not reachable&#10;  (Session info: chrome=103.0.5060.134)&#10;Build info: version: &apos;3.141.59&apos;, revision: &apos;e82be7d358&apos;, time: &apos;2018-11-14T08:17:03&apos;&#10;System info: host: &apos;SLIDEQA2&apos;, ip: &apos;192.168.43.28&apos;, os.name: &apos;Windows 10&apos;, os.arch: &apos;amd64&apos;, os.version: &apos;10.0&apos;, java.version: &apos;17&apos;&#10;Driver info: org.openqa.selenium.chrome.ChromeDriver&#10;Capabilities {acceptInsecureCerts: false, browserName: chrome, browserVersion: 103.0.5060.134, chrome: {chromedriverVersion: 103.0.5060.134 (8ec6fce403b..., userDataDir: C:\Users\SLIDEQ~1\AppData\L...}, goog:chromeOptions: {debuggerAddress: localhost:63085}, javascriptEnabled: true, networkConnectionEnabled: false, pageLoadStrategy: normal, platform: WINDOWS, platformName: WINDOWS, proxy: Proxy(), setWindowRect: true, strictFileInteractability: false, timeouts: {implicit: 0, pageLoad: 300000, script: 30000}, unhandledPromptBehavior: dismiss and notify, webauthn:extension:credBlob: true, webauthn:extension:largeBlob: true, webauthn:virtualAuthenticators: true}&#10;Session ID: 2535adf9941b42e7dccb6bdbf822a4c9" type="org.openqa.selenium.WebDriverException"><![CDATA[org.openqa.selenium.WebDriverException: 
chrome not reachable
  (Session info: chrome=103.0.5060.134)
Build info: version: '3.141.59', revision: 'e82be7d358', time: '2018-11-14T08:17:03'
System info: host: 'SLIDEQA2', ip: '192.168.43.28', os.name: 'Windows 10', os.arch: 'amd64', os.version: '10.0', java.version: '17'
Driver info: org.openqa.selenium.chrome.ChromeDriver
Capabilities {acceptInsecureCerts: false, browserName: chrome, browserVersion: 103.0.5060.134, chrome: {chromedriverVersion: 103.0.5060.134 (8ec6fce403b..., userDataDir: C:\Users\SLIDEQ~1\AppData\L...}, goog:chromeOptions: {debuggerAddress: localhost:63085}, javascriptEnabled: true, networkConnectionEnabled: false, pageLoadStrategy: normal, platform: WINDOWS, platformName: WINDOWS, proxy: Proxy(), setWindowRect: true, strictFileInteractability: false, timeouts: {implicit: 0, pageLoad: 300000, script: 30000}, unhandledPromptBehavior: dismiss and notify, webauthn:extension:credBlob: true, webauthn:extension:largeBlob: true, webauthn:virtualAuthenticators: true}
Session ID: 2535adf9941b42e7dccb6bdbf822a4c9
]]></error>
  </testcase>
</testsuite>