<?xml version="1.0" encoding="UTF-8"?>
<testsuite xmlns:xsi="http://www.w3.org/2001/XMLSchema-instance" xsi:noNamespaceSchemaLocation="https://maven.apache.org/surefire/maven-surefire-plugin/xsd/surefire-test-report-3.0.xsd" version="3.0" name="BaseClass.TestRun" time="53.106" tests="2" errors="2" skipped="0" failures="0">
  <properties>
[...]
</properties>
  <testcase name="Ebooks Login test via Google" classname="Ebooks Login test via Google" time="47.71">
    <error message="chrome not reachable&#10;  (Session info: chrome=104.0.5112.82)&#10;Build info: version: &apos;4.0.0-alpha-1&apos;, revision: &apos;d1d3728cae&apos;, time: &apos;2019-04-24T13:42:21&apos;&#10;System info: host: &apos;SLIDEQA2&apos;, ip: &apos;192.168.0.106&apos;, os.name: &apos;Windows 10&apos;, os.arch: &apos;amd64&apos;, os.version: &apos;10.0&apos;, java.version: &apos;17&apos;&#10;Driver info: org.openqa.selenium.chrome.ChromeDriver&#10;Capabilities {acceptInsecureCerts: false, browserName: chrome, browserVersion: 104.0.5112.82, chrome: {chromedriverVersion: 104.0.5112.79 (3cf3e8c8a07d..., userDataDir: C:\Users\SLIDEQ~1\AppData\L...}, goog:chromeOptions: {debuggerAddress: localhost:51713}, javascriptEnabled: true, networkConnectionEnabled: false, pageLoadStrategy: normal, platform: WINDOWS, platformName: WINDOWS, proxy: Proxy(), setWindowRect: true, strictFileInteractability: false, timeouts: {implicit: 0, pageLoad: 300000, script: 30000}, unhandledPromptBehavior: dismiss and notify, webauthn:extension:credBlob: true, webauthn:extension:largeBlob: true, webauthn:virtualAuthenticators: true}&#10;Session ID: b51f7c31bb440f3fd591671485b45774&#10;*** Element info: {Using=link text, value=EBOOKS}" type="org.openqa.selenium.WebDriverException"><![CDATA[org.openqa.selenium.WebDriverException: 
chrome not reachable
  (Session info: chrome=104.0.5112.82)
Build info: version: '4.0.0-alpha-1', revision: 'd1d3728cae', time: '2019-04-24T13:42:21'
System info: host: 'SLIDEQA2', ip: '192.168.0.106', os.name: 'Windows 10', os.arch: 'amd64', os.version: '10.0', java.version: '17'
Driver info: org.openqa.selenium.chrome.ChromeDriver
Capabilities {acceptInsecureCerts: false, browserName: chrome, browserVersion: 104.0.5112.82, chrome: {chromedriverVersion: 104.0.5112.79 (3cf3e8c8a07d..., userDataDir: C:\Users\SLIDEQ~1\AppData\L...}, goog:chromeOptions: {debuggerAddress: localhost:51713}, javascriptEnabled: true, networkConnectionEnabled: false, pageLoadStrategy: normal, platform: WINDOWS, platformName: WINDOWS, proxy: Proxy(), setWindowRect: true, strictFileInteractability: false, timeouts: {implicit: 0, pageLoad: 300000, script: 30000}, unhandledPromptBehavior: dismiss and notify, webauthn:extension:credBlob: true, webauthn:extension:largeBlob: true, webauthn:virtualAuthenticators: true}
Session ID: b51f7c31bb440f3fd591671485b45774
*** Element info: {Using=link text, value=EBOOKS}
]]></error>
    <system-out><![CDATA[Bname=====https://www.slidegeeks.com/

@EbooksGoogle
Scenario: Ebooks Login test via Google             &amp#27;[90m# src/test/java/features/GoogleLogin.feature:4&amp#27;[0m
  &amp#27;[32mGiven &amp#27;[0m&amp#27;[32muser is on Home Page&amp#27;[0m                       &amp#27;[90m# stepDefination.GoogleLogin.user_is_on_Home_Page()&amp#27;[0m
  &amp#27;[31mThen &amp#27;[0m&amp#27;[31mclick on Ebook button&amp#27;[0m                       &amp#27;[90m# stepDefination.GoogleLogin.click_on_Ebook_button()&amp#27;[0m
      &amp#27;[31morg.openqa.selenium.WebDriverException: chrome not reachable
  (Session info: chrome=104.0.5112.82)
Build info: version: '4.0.0-alpha-1', revision: 'd1d3728cae', time: '2019-04-24T13:42:21'
System info: host: 'SLIDEQA2', ip: '192.168.0.106', os.name: 'Windows 10', os.arch: 'amd64', os.version: '10.0', java.version: '17'
Driver info: org.openqa.selenium.chrome.ChromeDriver
Capabilities {acceptInsecureCerts: false, browserName: chrome, browserVersion: 104.0.5112.82, chrome: {chromedriverVersion: 104.0.5112.79 (3cf3e8c8a07d..., userDataDir: C:\Users\SLIDEQ~1\AppData\L...}, goog:chromeOptions: {debuggerAddress: localhost:51713}, javascriptEnabled: true, networkConnectionEnabled: false, pageLoadStrategy: normal, platform: WINDOWS, platformName: WINDOWS, proxy: Proxy(), setWindowRect: true, strictFileInteractability: false, timeouts: {implicit: 0, pageLoad: 300000, script: 30000}, unhandledPromptBehavior: dismiss and notify, webauthn:extension:credBlob: true, webauthn:extension:largeBlob: true, webauthn:virtualAuthenticators: true}
Session ID: b51f7c31bb440f3fd591671485b45774
*** Element info: {Using=link text, value=EBOOKS}
	at java.base/jdk.internal.reflect.NativeConstructorAccessorImpl.newInstance0(Native Method)
	at java.base/jdk.internal.reflect.NativeConstructorAccessorImpl.newInstance(NativeConstructorAccessorImpl.java:77)
	at java.base/jdk.internal.reflect.DelegatingConstructorAccessorImpl.newInstance(DelegatingConstructorAccessorImpl.java:45)
	at java.base/java.lang.reflect.Constructor.newInstanceWithCaller(Constructor.java:499)
	at java.base/java.lang.reflect.Constructor.newInstance(Constructor.java:480)
	at org.openqa.selenium.remote.codec.w3c.W3CHttpResponseCodec.createException(W3CHttpResponseCodec.java:190)
	at org.openqa.selenium.remote.codec.w3c.W3CHttpResponseCodec.decode(W3CHttpResponseCodec.java:124)
	at org.openqa.selenium.remote.codec.w3c.W3CHttpResponseCodec.decode(W3CHttpResponseCodec.java:51)
	at org.openqa.selenium.remote.HttpCommandExecutor.execute(HttpCommandExecutor.java:161)
	at org.openqa.selenium.remote.service.DriverCommandExecutor.execute(DriverCommandExecutor.java:83)
	at org.openqa.selenium.remote.RemoteWebDriver.execute(RemoteWebDriver.java:577)
	at org.openqa.selenium.remote.RemoteWebDriver.findElement(RemoteWebDriver.java:328)
	at org.openqa.selenium.remote.RemoteWebDriver.findElementByLinkText(RemoteWebDriver.java:386)
	at org.openqa.selenium.By$ByLinkText.findElement(By.java:220)
	at org.openqa.selenium.remote.RemoteWebDriver.findElement(RemoteWebDriver.java:320)
	at org.openqa.selenium.support.ui.ExpectedConditions$7.apply(ExpectedConditions.java:205)
	at org.openqa.selenium.support.ui.ExpectedConditions$7.apply(ExpectedConditions.java:201)
	at org.openqa.selenium.support.ui.ExpectedConditions$22.apply(ExpectedConditions.java:641)
	at org.openqa.selenium.support.ui.ExpectedConditions$22.apply(ExpectedConditions.java:638)
	at org.openqa.selenium.support.ui.FluentWait.until(FluentWait.java:211)
	at stepDefination.GoogleLogin.click_on_Ebook_button(GoogleLogin.java:36)
	at âœ½.click on Ebook button(file:///D:/Selenium%20Live%20Projects/slidegeeksEbooksLoginTest/./src/test/java/features/GoogleLogin.feature:6)
&amp#27;[0m
  &amp#27;[36mThen &amp#27;[0m&amp#27;[36mclick on Buynow option&amp#27;[0m                      &amp#27;[90m# stepDefination.GoogleLogin.click_on_Buynow_option()&amp#27;[0m
  &amp#27;[36mThen &amp#27;[0m&amp#27;[36mclick on google option&amp#27;[0m                      &amp#27;[90m# stepDefination.GoogleLogin.click_on_google_option()&amp#27;[0m
  &amp#27;[36mThen &amp#27;[0m&amp#27;[36menter valid credentials&amp#27;[0m                     &amp#27;[90m# stepDefination.GoogleLogin.enter_valid_credentials()&amp#27;[0m
  &amp#27;[36mThen &amp#27;[0m&amp#27;[36mverify that user is successfully logged in&amp#27;[0m  &amp#27;[90m# stepDefination.GoogleLogin.verify_that_user_is_successfully_logged_in()&amp#27;[0m
  &amp#27;[36mThen &amp#27;[0m&amp#27;[36mdownload the selected ebbok&amp#27;[0m                 &amp#27;[90m# stepDefination.GoogleLogin.download_the_selected_ebbok()&amp#27;[0m
  &amp#27;[36mThen &amp#27;[0m&amp#27;[36mlogout from the application&amp#27;[0m                 &amp#27;[90m# stepDefination.GoogleLogin.logout_from_the_application()&amp#27;[0m
  &amp#27;[36mThen &amp#27;[0m&amp#27;[36mverify that user is successfully logged out&amp#27;[0m &amp#27;[90m# stepDefination.GoogleLogin.verify_that_user_is_successfully_logged_out()&amp#27;[0m
      &amp#27;[31morg.openqa.selenium.WebDriverException: chrome not reachable
  (Session info: chrome=104.0.5112.82)
Build info: version: '4.0.0-alpha-1', revision: 'd1d3728cae', time: '2019-04-24T13:42:21'
System info: host: 'SLIDEQA2', ip: '192.168.0.106', os.name: 'Windows 10', os.arch: 'amd64', os.version: '10.0', java.version: '17'
Driver info: org.openqa.selenium.chrome.ChromeDriver
Capabilities {acceptInsecureCerts: false, browserName: chrome, browserVersion: 104.0.5112.82, chrome: {chromedriverVersion: 104.0.5112.79 (3cf3e8c8a07d..., userDataDir: C:\Users\SLIDEQ~1\AppData\L...}, goog:chromeOptions: {debuggerAddress: localhost:51713}, javascriptEnabled: true, networkConnectionEnabled: false, pageLoadStrategy: normal, platform: WINDOWS, platformName: WINDOWS, proxy: Proxy(), setWindowRect: true, strictFileInteractability: false, timeouts: {implicit: 0, pageLoad: 300000, script: 30000}, unhandledPromptBehavior: dismiss and notify, webauthn:extension:credBlob: true, webauthn:extension:largeBlob: true, webauthn:virtualAuthenticators: true}
Session ID: b51f7c31bb440f3fd591671485b45774
	at java.base/jdk.internal.reflect.NativeConstructorAccessorImpl.newInstance0(Native Method)
	at java.base/jdk.internal.reflect.NativeConstructorAccessorImpl.newInstance(NativeConstructorAccessorImpl.java:77)
	at java.base/jdk.internal.reflect.DelegatingConstructorAccessorImpl.newInstance(DelegatingConstructorAccessorImpl.java:45)
	at java.base/java.lang.reflect.Constructor.newInstanceWithCaller(Constructor.java:499)
	at java.base/java.lang.reflect.Constructor.newInstance(Constructor.java:480)
	at org.openqa.selenium.remote.codec.w3c.W3CHttpResponseCodec.createException(W3CHttpResponseCodec.java:190)
	at org.openqa.selenium.remote.codec.w3c.W3CHttpResponseCodec.decode(W3CHttpResponseCodec.java:124)
	at org.openqa.selenium.remote.codec.w3c.W3CHttpResponseCodec.decode(W3CHttpResponseCodec.java:51)
	at org.openqa.selenium.remote.HttpCommandExecutor.execute(HttpCommandExecutor.java:161)
	at org.openqa.selenium.remote.service.DriverCommandExecutor.execute(DriverCommandExecutor.java:83)
	at org.openqa.selenium.remote.RemoteWebDriver.execute(RemoteWebDriver.java:577)
	at org.openqa.selenium.remote.RemoteWebDriver.execute(RemoteWebDriver.java:634)
	at org.openqa.selenium.remote.RemoteWebDriver.execute(RemoteWebDriver.java:638)
	at org.openqa.selenium.remote.RemoteWebDriver.getScreenshotAs(RemoteWebDriver.java:298)
	at stepDefination.TakeImageStep.tearDown(TakeImageStep.java:22)
&amp#27;[0m
]]></system-out>
    <system-err><![CDATA[Aug 22, 2022 3:21:54 PM io.cucumber.core.runtime.FeaturePathFeatureSupplier$FeatureBuilder addUnique
SEVERE: Duplicate feature found: file:///D:/Selenium%20Live%20Projects/slidegeeksEbooksLoginTest/./target/test-classes/features/FacebookLogin.feature was identical to file:///D:/Selenium%20Live%20Projects/slidegeeksEbooksLoginTest/./src/test/java/features/FacebookLogin.feature

This typically happens when you configure cucumber to look for features in the root of your project.
Your build tool creates a copy of these features in a 'target' or 'build'directory.

If your features are on the class path consider using a class path URI.
For example: 'classpath:com/example/app.feature'
Otherwise you'll have to provide a more specific location
Aug 22, 2022 3:21:54 PM io.cucumber.core.runtime.FeaturePathFeatureSupplier$FeatureBuilder addUnique
SEVERE: Duplicate feature found: file:///D:/Selenium%20Live%20Projects/slidegeeksEbooksLoginTest/./target/test-classes/features/FreeLogin.feature was identical to file:///D:/Selenium%20Live%20Projects/slidegeeksEbooksLoginTest/./src/test/java/features/FreeLogin.feature

This typically happens when you configure cucumber to look for features in the root of your project.
Your build tool creates a copy of these features in a 'target' or 'build'directory.

If your features are on the class path consider using a class path URI.
For example: 'classpath:com/example/app.feature'
Otherwise you'll have to provide a more specific location
Aug 22, 2022 3:21:54 PM io.cucumber.core.runtime.FeaturePathFeatureSupplier$FeatureBuilder addUnique
SEVERE: Duplicate feature found: file:///D:/Selenium%20Live%20Projects/slidegeeksEbooksLoginTest/./target/test-classes/features/GoogleLogin.feature was identical to file:///D:/Selenium%20Live%20Projects/slidegeeksEbooksLoginTest/./src/test/java/features/GoogleLogin.feature

This typically happens when you configure cucumber to look for features in the root of your project.
Your build tool creates a copy of these features in a 'target' or 'build'directory.

If your features are on the class path consider using a class path URI.
For example: 'classpath:com/example/app.feature'
Otherwise you'll have to provide a more specific location
Aug 22, 2022 3:21:54 PM io.cucumber.core.runtime.FeaturePathFeatureSupplier$FeatureBuilder addUnique
SEVERE: Duplicate feature found: file:///D:/Selenium%20Live%20Projects/slidegeeksEbooksLoginTest/./target/test-classes/features/PaidLogin.feature was identical to file:///D:/Selenium%20Live%20Projects/slidegeeksEbooksLoginTest/./src/test/java/features/PaidLogin.feature

This typically happens when you configure cucumber to look for features in the root of your project.
Your build tool creates a copy of these features in a 'target' or 'build'directory.

If your features are on the class path consider using a class path URI.
For example: 'classpath:com/example/app.feature'
Otherwise you'll have to provide a more specific location
Aug 22, 2022 3:21:54 PM io.cucumber.core.runtime.FeaturePathFeatureSupplier$FeatureBuilder addUnique
SEVERE: Duplicate feature found: file:///D:/Selenium%20Live%20Projects/slidegeeksEbooksLoginTest/./target/test-classes/features/PaypalCheckout.feature was identical to file:///D:/Selenium%20Live%20Projects/slidegeeksEbooksLoginTest/./src/test/java/features/PaypalCheckout.feature

This typically happens when you configure cucumber to look for features in the root of your project.
Your build tool creates a copy of these features in a 'target' or 'build'directory.

If your features are on the class path consider using a class path URI.
For example: 'classpath:com/example/app.feature'
Otherwise you'll have to provide a more specific location
Aug 22, 2022 3:21:54 PM io.cucumber.core.runtime.FeaturePathFeatureSupplier$FeatureBuilder addUnique
SEVERE: Duplicate feature found: file:///D:/Selenium%20Live%20Projects/slidegeeksEbooksLoginTest/./target/test-classes/features/stripecheckout.feature was identical to file:///D:/Selenium%20Live%20Projects/slidegeeksEbooksLoginTest/./src/test/java/features/stripecheckout.feature

This typically happens when you configure cucumber to look for features in the root of your project.
Your build tool creates a copy of these features in a 'target' or 'build'directory.

If your features are on the class path consider using a class path URI.
For example: 'classpath:com/example/app.feature'
Otherwise you'll have to provide a more specific location
[main] INFO io.github.bonigarcia.wdm.WebDriverManager - Using chromedriver 104.0.5112.79 (resolved driver for Chrome 104)
[main] INFO io.github.bonigarcia.wdm.WebDriverManager - Exporting webdriver.chrome.driver as C:\Users\SLIDE QA\.cache\selenium\chromedriver\win32\104.0.5112.79\chromedriver.exe
Starting ChromeDriver 104.0.5112.79 (3cf3e8c8a07d104b9e1260c910efb8f383285dc5-refs/branch-heads/5112@{#1307}) on port 30544
Only local connections are allowed.
Please see https://chromedriver.chromium.org/security-considerations for suggestions on keeping ChromeDriver safe.
ChromeDriver was started successfully.
Aug 22, 2022 3:21:57 PM org.openqa.selenium.remote.ProtocolHandshake createSession
INFO: Detected dialect: W3C
[1661161948.262][WARNING]: Timed out connecting to Chrome, retrying...
[1661161958.729][WARNING]: Timed out connecting to Chrome, retrying...
]]></system-err>
  </testcase>
  <testcase name="Ebooks Login test via Google" classname="Ebooks Login test via Google" time="47.711">
    <error message="chrome not reachable&#10;  (Session info: chrome=104.0.5112.82)&#10;Build info: version: &apos;4.0.0-alpha-1&apos;, revision: &apos;d1d3728cae&apos;, time: &apos;2019-04-24T13:42:21&apos;&#10;System info: host: &apos;SLIDEQA2&apos;, ip: &apos;192.168.0.106&apos;, os.name: &apos;Windows 10&apos;, os.arch: &apos;amd64&apos;, os.version: &apos;10.0&apos;, java.version: &apos;17&apos;&#10;Driver info: org.openqa.selenium.chrome.ChromeDriver&#10;Capabilities {acceptInsecureCerts: false, browserName: chrome, browserVersion: 104.0.5112.82, chrome: {chromedriverVersion: 104.0.5112.79 (3cf3e8c8a07d..., userDataDir: C:\Users\SLIDEQ~1\AppData\L...}, goog:chromeOptions: {debuggerAddress: localhost:51713}, javascriptEnabled: true, networkConnectionEnabled: false, pageLoadStrategy: normal, platform: WINDOWS, platformName: WINDOWS, proxy: Proxy(), setWindowRect: true, strictFileInteractability: false, timeouts: {implicit: 0, pageLoad: 300000, script: 30000}, unhandledPromptBehavior: dismiss and notify, webauthn:extension:credBlob: true, webauthn:extension:largeBlob: true, webauthn:virtualAuthenticators: true}&#10;Session ID: b51f7c31bb440f3fd591671485b45774" type="org.openqa.selenium.WebDriverException"><![CDATA[org.openqa.selenium.WebDriverException: 
chrome not reachable
  (Session info: chrome=104.0.5112.82)
Build info: version: '4.0.0-alpha-1', revision: 'd1d3728cae', time: '2019-04-24T13:42:21'
System info: host: 'SLIDEQA2', ip: '192.168.0.106', os.name: 'Windows 10', os.arch: 'amd64', os.version: '10.0', java.version: '17'
Driver info: org.openqa.selenium.chrome.ChromeDriver
Capabilities {acceptInsecureCerts: false, browserName: chrome, browserVersion: 104.0.5112.82, chrome: {chromedriverVersion: 104.0.5112.79 (3cf3e8c8a07d..., userDataDir: C:\Users\SLIDEQ~1\AppData\L...}, goog:chromeOptions: {debuggerAddress: localhost:51713}, javascriptEnabled: true, networkConnectionEnabled: false, pageLoadStrategy: normal, platform: WINDOWS, platformName: WINDOWS, proxy: Proxy(), setWindowRect: true, strictFileInteractability: false, timeouts: {implicit: 0, pageLoad: 300000, script: 30000}, unhandledPromptBehavior: dismiss and notify, webauthn:extension:credBlob: true, webauthn:extension:largeBlob: true, webauthn:virtualAuthenticators: true}
Session ID: b51f7c31bb440f3fd591671485b45774
]]></error>
  </testcase>
</testsuite>